<?xml version="1.0" encoding="UTF-8"?>
<testng-results ignored="0" total="1" passed="1" failed="0" skipped="0">
  <reporter-output>
    <line>
      <![CDATA[report configuration]]>
    </line>
    <line>
      <![CDATA[DB Connectivity open]]>
    </line>
  </reporter-output>
  <suite started-at="2025-07-25T11:19:11 IST" name="Default suite" finished-at="2025-07-25T11:19:29 IST" duration-ms="18425">
    <groups>
    </groups>
    <test started-at="2025-07-25T11:19:11 IST" name="Default test" finished-at="2025-07-25T11:19:29 IST" duration-ms="18425">
      <class name="testcases.CreateProductTest">
        <test-method is-config="true" signature="beforesuite()[pri:0, instance:testcases.CreateProductTest@4009e306]" started-at="2025-07-25T11:19:11 IST" name="beforesuite" finished-at="2025-07-25T11:19:11 IST" duration-ms="13" status="PASS">
          <reporter-output>
            <line>
              <![CDATA[DB Connectivity open]]>
            </line>
          </reporter-output>
        </test-method> <!-- beforesuite -->
        <test-method is-config="true" signature="beforetest()[pri:0, instance:testcases.CreateProductTest@4009e306]" started-at="2025-07-25T11:19:11 IST" name="beforetest" finished-at="2025-07-25T11:19:11 IST" duration-ms="0" status="PASS">
          <reporter-output>
          </reporter-output>
        </test-method> <!-- beforetest -->
        <test-method is-config="true" signature="beforeclass()[pri:0, instance:testcases.CreateProductTest@4009e306]" started-at="2025-07-25T11:19:11 IST" name="beforeclass" finished-at="2025-07-25T11:19:14 IST" duration-ms="2659" status="PASS">
          <reporter-output>
          </reporter-output>
        </test-method> <!-- beforeclass -->
        <test-method is-config="true" signature="beforeMethod()[pri:0, instance:testcases.CreateProductTest@4009e306]" started-at="2025-07-25T11:19:14 IST" name="beforeMethod" finished-at="2025-07-25T11:19:15 IST" duration-ms="1279" status="PASS">
          <reporter-output>
          </reporter-output>
        </test-method> <!-- beforeMethod -->
        <test-method signature="createProduct()[pri:0, instance:testcases.CreateProductTest@4009e306]" started-at="2025-07-25T11:19:15 IST" name="createProduct" finished-at="2025-07-25T11:19:28 IST" duration-ms="13209" status="PASS">
          <reporter-output>
          </reporter-output>
        </test-method> <!-- createProduct -->
        <test-method is-config="true" signature="aftermethod()[pri:0, instance:testcases.CreateProductTest@4009e306]" started-at="2025-07-25T11:19:28 IST" name="aftermethod" finished-at="2025-07-25T11:19:29 IST" duration-ms="737" status="PASS">
          <reporter-output>
          </reporter-output>
        </test-method> <!-- aftermethod -->
        <test-method is-config="true" signature="afterClass()[pri:0, instance:testcases.CreateProductTest@4009e306]" started-at="2025-07-25T11:19:29 IST" name="afterClass" finished-at="2025-07-25T11:19:29 IST" duration-ms="467" status="PASS">
          <reporter-output>
          </reporter-output>
        </test-method> <!-- afterClass -->
        <test-method is-config="true" signature="aftertest()[pri:0, instance:testcases.CreateProductTest@4009e306]" started-at="2025-07-25T11:19:29 IST" name="aftertest" finished-at="2025-07-25T11:19:29 IST" duration-ms="0" status="PASS">
          <reporter-output>
          </reporter-output>
        </test-method> <!-- aftertest -->
        <test-method is-config="true" signature="afterSuite()[pri:0, instance:testcases.CreateProductTest@4009e306]" started-at="2025-07-25T11:19:29 IST" name="afterSuite" finished-at="2025-07-25T11:19:29 IST" duration-ms="0" status="PASS">
          <reporter-output>
          </reporter-output>
        </test-method> <!-- afterSuite -->
      </class> <!-- testcases.CreateProductTest -->
    </test> <!-- Default test -->
  </suite> <!-- Default suite -->
</testng-results>
